<?xml version="1.0" encoding="UTF-8"?>
<testng-results ignored="0" total="1" passed="1" failed="0" skipped="0">
  <reporter-output>
  </reporter-output>
  <suite started-at="2024-08-17T08:59:29 IST" name="Default suite" finished-at="2024-08-17T08:59:29 IST" duration-ms="119">
    <groups>
    </groups>
    <test started-at="2024-08-17T08:59:29 IST" name="Default test" finished-at="2024-08-17T08:59:29 IST" duration-ms="119">
      <class name="package1.ProductsTest">
        <test-method signature="createProductsTest()[pri:0, instance:package1.ProductsTest@3a93b025]" started-at="2024-08-17T08:59:29 IST" name="createProductsTest" finished-at="2024-08-17T08:59:29 IST" duration-ms="29" status="PASS">
          <reporter-output>
          </reporter-output>
        </test-method> <!-- createProductsTest -->
      </class> <!-- package1.ProductsTest -->
    </test> <!-- Default test -->
  </suite> <!-- Default suite -->
</testng-results>
